Calculation/app/proguard/seeds.txt
com.qingshangzuo.calculation.R$attr: int overlapAnchor
com.qingshangzuo.calculation.R$attr: int collapseContentDescription
com.qingshangzuo.calculation.R$id: int dimensions
com.qingshangzuo.calculation.R$style: int Widget_AppCompat_Light_ActionMode_Inverse
com.qingshangzuo.calculation.R$dimen: int notification_action_text_size
com.qingshangzuo.calculation.R$color: int accent_material_light
com.qingshangzuo.calculation.R$id: int textSpacerNoTitle
com.qingshangzuo.calculation.R$string: int num3
com.qingshangzuo.calculation.R$layout: int abc_search_dropdown_item_icons_2line
com.qingshangzuo.calculation.R$style: int Widget_AppCompat_PopupMenu_Overflow
com.qingshangzuo.calculation.R$attr: int font
com.qingshangzuo.calculation.R$dimen: int abc_action_bar_subtitle_top_margin_material
com.qingshangzuo.calculation.R$attr: int layout_constraintEnd_toStartOf
com.qingshangzuo.calculation.R$color: int material_deep_teal_200
com.qingshangzuo.calculation.R$styleable: int MenuGroup_android_orderInCategory
com.qingshangzuo.calculation.R$styleable: int[] RecycleListView
com.qingshangzuo.calculation.R$styleable: int Toolbar_navigationContentDescription
com.qingshangzuo.calculation.R$style: int Base_Theme_AppCompat_Dialog_FixedSize
com.qingshangzuo.calculation.R$color: int foreground_material_dark
com.qingshangzuo.calculation.R$string: int abc_font_family_subhead_material
com.qingshangzuo.calculation.R$style: int Base_TextAppearance_AppCompat_Widget_ActionBar_Subtitle
com.qingshangzuo.calculation.R$color: int dim_foreground_disabled_material_light
com.qingshangzuo.calculation.R$styleable: int ConstraintLayout_Layout_layout_constraintEnd_toStartOf
com.qingshangzuo.calculation.R$id: int buttonDiv
com.qingshangzuo.calculation.R$styleable: int RecycleListView_paddingTopNoTitle
com.qingshangzuo.calculation.R$styleable: int TextAppearance_android_shadowDy
com.qingshangzuo.calculation.R$drawable: int abc_btn_check_to_on_mtrl_000
com.qingshangzuo.calculation.R$styleable: int Spinner_android_dropDownWidth
com.qingshangzuo.calculation.R$style: int TextAppearance_AppCompat_Widget_ActionBar_Subtitle
com.qingshangzuo.calculation.R$attr: int layout_constraintDimensionRatio
com.qingshangzuo.calculation.R$attr: int paddingTopNoTitle
com.qingshangzuo.calculation.R$styleable: int FontFamilyFont_android_fontWeight
com.qingshangzuo.calculation.R$id: int homeAsUp
com.qingshangzuo.calculation.R$color: int switch_thumb_material_light
com.qingshangzuo.calculation.R$id: int gone
com.qingshangzuo.calculation.R$id: int action_bar
com.qingshangzuo.calculation.R$styleable: int ActionBar_contentInsetEnd
com.qingshangzuo.calculation.R$layout: int abc_alert_dialog_title_material
com.qingshangzuo.calculation.R$dimen: int notification_large_icon_height
com.qingshangzuo.calculation.R$styleable: int[] GradientColorItem
com.qingshangzuo.calculation.R$styleable: int PercentLayout_Layout_layout_marginTopPercent
com.qingshangzuo.calculation.R$style: int TextAppearance_AppCompat_Widget_Switch
com.qingshangzuo.calculation.R$styleable: int ConstraintSet_layout_constraintVertical_bias
com.qingshangzuo.calculation.R$id: int checkbox
com.qingshangzuo.calculation.R$attr: int contentInsetStart
com.qingshangzuo.calculation.R$style: int Base_Widget_AppCompat_Spinner_Underlined
com.qingshangzuo.calculation.R$styleable: int CoordinatorLayout_Layout_layout_anchorGravity
com.qingshangzuo.calculation.R$styleable: int Spinner_android_prompt
com.qingshangzuo.calculation.R$attr: int backgroundSplit
com.qingshangzuo.calculation.R$styleable: int ConstraintSet_layout_goneMarginBottom
com.qingshangzuo.calculation.R$styleable: int SwitchCompat_android_textOff
com.qingshangzuo.calculation.R$bool
com.qingshangzuo.calculation.R$dimen: int abc_text_size_display_1_material
com.qingshangzuo.calculation.R$styleable: int ConstraintSet_layout_constraintStart_toStartOf
com.qingshangzuo.calculation.R$styleable: int AppCompatTheme_actionBarWidgetTheme
...
android.support.constraint.R$styleable: int ConstraintLayout_Layout_layout_constrainedWidth
android.support.swiperefreshlayout.R$attr: int fontProviderAuthority
android.support.v7.viewpager.R$color: int ripple_material_light
android.support.coreui.R$styleable: int[] ColorStateListItem
android.support.percent.R$styleable: int FontFamily_fontProviderAuthority
android.support.coreutils.R$drawable: int notification_bg_low_pressed
android.support.v7.appcompat.R$style: int Base_V22_Theme_AppCompat
android.support.constraint.R$styleable: int ConstraintSet_layout_constraintVertical_bias
android.support.coordinatorlayout.R$id: int time
android.support.v7.appcompat.R$style: int Widget_AppCompat_Spinner_DropDown_ActionBar
android.support.asynclayoutinflater.R$layout: R$layout()
android.support.v7.appcompat.R$drawable: int abc_text_select_handle_right_mtrl_dark
android.support.v7.widget.SwitchCompat: void setTextOn(java.lang.CharSequence)
android.support.v7.widget.ViewStubCompat: ViewStubCompat(android.content.Context,android.util.AttributeSet,int)
android.support.v7.widget.Toolbar: void setTitleMarginStart(int)
android.support.v7.appcompat.R$integer: int status_bar_notification_info_maxnum
android.support.constraint.R$styleable: int ConstraintLayout_Layout_layout_goneMarginTop
android.support.swiperefreshlayout.R$attr: int fontStyle
android.support.slidingpanelayout.R$dimen: int notification_small_icon_background_padding
android.support.v7.widget.LinearLayoutCompat: int getDividerPadding()
android.support.v7.widget.AppCompatMultiAutoCompleteTextView: void setTextAppearance(android.content.Context,int)
android.support.v7.appcompat.R$color: int error_color_material_dark
android.support.v7.widget.AppCompatTextView: android.support.v4.text.PrecomputedTextCompat$Params getTextMetricsParamsCompat()
android.support.percent.PercentRelativeLayout$LayoutParams
android.support.coordinatorlayout.R$drawable: int notification_bg_normal
android.support.v7.widget.AlertDialogLayout
android.support.v7.widget.AppCompatImageView: void setImageDrawable(android.graphics.drawable.Drawable)
android.support.v7.view.menu.ListMenuItemView: void setShortcut(boolean,char)
android.support.slidingpanelayout.R$styleable: int GradientColorItem_android_color
android.support.v4.widget.SwipeRefreshLayout: void setColorScheme(int[])
android.support.slidingpanelayout.R$attr: int alpha
android.support.loader.R$id: R$id()
android.support.v4.os.ResultReceiver: android.os.Parcelable$Creator CREATOR
android.support.percent.R$dimen
android.support.graphics.drawable.R$color: int notification_action_color_filter
android.support.v7.appcompat.R$attr: int autoSizeStepGranularity
android.support.graphics.drawable.R$styleable: int CoordinatorLayout_keylines
android.support.customview.R$color: int notification_action_color_filter
android.support.asynclayoutinflater.R$dimen: int notification_media_narrow_margin
android.support.v7.appcompat.R$drawable: int abc_text_select_handle_left_mtrl_light
android.support.compat.R$drawable
android.support.percent.R$dimen: int compat_notification_large_icon_max_width
android.support.v7.widget.SwitchCompat: void setSplitTrack(boolean)
android.support.fragment.R$dimen: int notification_small_icon_size_as_large
android.support.swiperefreshlayout.R$attr: int fontProviderCerts
android.support.v7.widget.AppCompatButton: void setSupportBackgroundTintMode(android.graphics.PorterDuff$Mode)
android.support.drawerlayout.R$styleable: int FontFamilyFont_fontWeight
android.support.drawerlayout.R$layout: int notification_template_part_time
android.support.swiperefreshlayout.R$color: int secondary_text_default_material_light
android.support.fragment.R$dimen: int notification_action_text_size
android.support.constraint.R$attr: int layout_constraintCircleRadius
android.support.v7.widget.AppCompatEditText: AppCompatEditText(android.content.Context,android.util.AttributeSet)
android.support.coreutils.R$id: int chronometer