Calculation/app/proguard/mapping.txt
# compiler: R8
# compiler_version: 1.4.94
# min_api: 15
com.qingshangzuo.calculation.InfixToSufix -> com.qingshangzuo.calculation.a:
    java.lang.String Cal(java.util.ArrayList) -> a
    java.util.ArrayList Suffix(java.lang.StringBuilder) -> a
com.qingshangzuo.calculation.MainActivity -> com.qingshangzuo.calculation.MainActivity:
    android.widget.TextView textview -> p
    int count_bracket_right -> v
    java.lang.StringBuilder sb -> q
    int count_bracket_left -> u
    int count_negative -> r
    int vibrate_time -> s
    boolean equals -> t
    void findView() -> l
com.qingshangzuo.calculation.Vibrate -> com.qingshangzuo.calculation.b:
    android.os.Vibrator vibrator -> a
    void vSimple(android.content.Context,int) -> a
...
android.support.v7.app.AppCompatDelegateImpl$ListMenuDecorView -> android.support.v7.app.AppCompatDelegateImpl$e:
    android.support.v7.app.AppCompatDelegateImpl this$0 -> i
    boolean isOutOfBounds(int,int) -> a
android.support.v7.app.AppCompatDelegateImpl$PanelFeatureState -> android.support.v7.app.AppCompatDelegateImpl$PanelFeatureState:
    boolean isPrepared -> m
    boolean isHandled -> n
    boolean isOpen -> o
    boolean qwertyMode -> p
    int windowAnimations -> f
    int x -> d
    int y -> e
    int background -> b
    boolean refreshDecorView -> q
    int gravity -> c
    boolean refreshMenuContent -> r
    int featureId -> a
    android.view.View createdPanelView -> i
    android.view.View shownPanelView -> h
    android.os.Bundle frozenActionViewState -> s
    android.content.Context listPresenterContext -> l
    android.view.ViewGroup decorView -> g
    android.support.v7.view.menu.MenuBuilder menu -> j
    android.support.v7.view.menu.ListMenuPresenter listMenuPresenter -> k
    android.support.v7.view.menu.MenuView getListMenuView(android.support.v7.view.menu.MenuPresenter$Callback) -> a
    boolean hasPanelItems() -> a
    void setMenu(android.support.v7.view.menu.MenuBuilder) -> a
    void setStyle(android.content.Context) -> a
android.support.v7.app.AppCompatDelegateImpl$PanelFeatureState$SavedState -> android.support.v7.app.AppCompatDelegateImpl$PanelFeatureState$SavedState:
    android.os.Bundle menuState -> c
    boolean isOpen -> b
    int featureId -> a
    android.support.v7.app.AppCompatDelegateImpl$PanelFeatureState$SavedState readFromParcel(android.os.Parcel,java.lang.ClassLoader) -> a
android.support.v7.app.AppCompatDelegateImpl$PanelFeatureState$SavedState$1 -> android.support.v7.app.x:
android.support.v7.app.AppCompatDelegateImpl$PanelMenuPresenterCallback -> android.support.v7.app.AppCompatDelegateImpl$f:
    android.support.v7.app.AppCompatDelegateImpl this$0 -> a
    void onCloseMenu(android.support.v7.view.menu.MenuBuilder,boolean) -> a
    boolean onOpenSubMenu(android.support.v7.view.menu.MenuBuilder) -> a
android.support.v7.app.AppCompatDialog -> android.support.v7.app.z:
    android.support.v4.view.KeyEventDispatcher$Component mKeyDispatcher -> b
    android.support.v7.app.AppCompatDelegate mDelegate -> a
    android.support.v7.app.AppCompatDelegate getDelegate() -> a
    int getThemeResId(android.content.Context,int) -> a
    void onSupportActionModeFinished(android.support.v7.view.ActionMode) -> a
    android.support.v7.view.ActionMode onWindowStartingSupportActionMode(android.support.v7.view.ActionMode$Callback) -> a
    boolean superDispatchKeyEvent(android.view.KeyEvent) -> a
    boolean supportRequestWindowFeature(int) -> a
    void onSupportActionModeStarted(android.support.v7.view.ActionMode) -> b
android.support.v7.app.AppCompatDialog$1 -> android.support.v7.app.y:
    android.support.v7.app.AppCompatDialog this$0 -> a
    boolean superDispatchKeyEvent(android.view.KeyEvent) -> a
android.support.v7.app.AppCompatDialogFragment -> android.support.v7.app.AppCompatDialogFragment:
    void setupDialog(android.app.Dialog,int) -> a
    android.app.Dialog onCreateDialog(android.os.Bundle) -> n