Calculation/app/proguard/unused.txt
com.qingshangzuo.calculation.BuildConfig
com.qingshangzuo.calculation.InfixToSufix
    public void <init>()
com.qingshangzuo.calculation.Vibrate
    public void <init>()
    public static void stop()
...
android.support.v4.os.UserManagerCompat
android.support.annotation.IntegerRes
android.support.v4.os.BuildCompat
android.support.v7.widget.DecorContentParent
    public abstract java.lang.CharSequence getTitle()
    public abstract void setUiOptions(int)
    public abstract boolean hasIcon()
    public abstract boolean hasLogo()
    public abstract void setIcon(int)
    public abstract void setIcon(android.graphics.drawable.Drawable)
    public abstract void setLogo(int)
    public abstract void saveToolbarHierarchyState(android.util.SparseArray)
    public abstract void restoreToolbarHierarchyState(android.util.SparseArray)
android.support.v7.widget.ScrollingTabContainerView
    public void animateToVisibility(int)
    public void addTab(android.support.v7.app.ActionBar$Tab,boolean)
    public void addTab(android.support.v7.app.ActionBar$Tab,int,boolean)
    public void updateTab(int)
    public void removeTabAt(int)
    public void removeAllTabs()
    private static final java.lang.String TAG
    private static final int FADE_DURATION
android.support.v7.widget.ButtonBarLayout
    private static final int PEEK_BUTTON_DP
android.arch.lifecycle.LiveData$AlwaysActiveObserver
androidx.versionedparcelable.VersionedParcelStream$FieldBuffer
android.arch.lifecycle.ViewModelProvider
    public void <init>(android.arch.lifecycle.ViewModelStoreOwner,android.arch.lifecycle.ViewModelProvider$Factory)
    private static final java.lang.String DEFAULT_KEY
android.support.v4.view.accessibility.AccessibilityNodeInfoCompat
    static android.support.v4.view.accessibility.AccessibilityNodeInfoCompat wrapNonNullInstance(java.lang.Object)
    public void <init>(java.lang.Object)
    public static android.support.v4.view.accessibility.AccessibilityNodeInfoCompat obtain(android.view.View)
    public static android.support.v4.view.accessibility.AccessibilityNodeInfoCompat obtain(android.view.View,int)
    public static android.support.v4.view.accessibility.AccessibilityNodeInfoCompat obtain()
    private void setBooleanProperty(int,boolean)
    private boolean getBooleanProperty(int)
    public java.lang.Object getInfo()
    public void setSource(android.view.View,int)
    public android.support.v4.view.accessibility.AccessibilityNodeInfoCompat findFocus(int)
    public android.support.v4.view.accessibility.AccessibilityNodeInfoCompat focusSearch(int)
    public int getWindowId()
    public int getChildCount()
    public android.support.v4.view.accessibility.AccessibilityNodeInfoCompat getChild(int)
    public void addChild(android.view.View,int)
    public boolean removeChild(android.view.View)
    public boolean removeChild(android.view.View,int)
    public void addAction(android.support.v4.view.accessibility.AccessibilityNodeInfoCompat$AccessibilityActionCompat)
    public boolean performAction(int)
    public boolean performAction(int,android.os.Bundle)
    public java.util.List findAccessibilityNodeInfosByText(java.lang.String)